<?xml version="1.0" encoding="UTF-8"?>
<testng-results ignored="0" total="2" passed="0" failed="2" skipped="0">
  <reporter-output>
  </reporter-output>
  <suite started-at="2025-02-15T14:08:07 IST" name="Default suite" finished-at="2025-02-15T14:08:44 IST" duration-ms="36755">
    <groups>
      <group name="cucumber">
        <method signature="AbstractTestNGCucumberTests.runScenario(io.cucumber.testng.PickleWrapper,io.cucumber.testng.FeatureWrapper)[pri:0, instance:testRunners.ParallelRunner@2b0f373b]" name="runScenario" class="io.cucumber.testng.AbstractTestNGCucumberTests"/>
      </group> <!-- cucumber -->
    </groups>
    <test started-at="2025-02-15T14:08:07 IST" name="Default test" finished-at="2025-02-15T14:08:44 IST" duration-ms="36755">
      <class name="testRunners.ParallelRunner">
        <test-method is-config="true" signature="setUpClass(org.testng.ITestContext)[pri:0, instance:testRunners.ParallelRunner@2b0f373b]" started-at="2025-02-15T14:08:07 IST" name="setUpClass" finished-at="2025-02-15T14:08:08 IST" duration-ms="929" status="PASS">
          <params>
            <param index="0">
              <value>
                <![CDATA[org.testng.TestRunner@3afca2c]]>
              </value>
            </param>
          </params>
          <reporter-output>
          </reporter-output>
        </test-method> <!-- setUpClass -->
        <test-method signature="runScenario(io.cucumber.testng.PickleWrapper,io.cucumber.testng.FeatureWrapper)[pri:0, instance:testRunners.ParallelRunner@2b0f373b]" started-at="2025-02-15T14:08:08 IST" name="runScenario" description="Runs Cucumber Scenarios" data-provider="scenarios" finished-at="2025-02-15T14:08:19 IST" duration-ms="10702" status="FAIL">
          <params>
            <param index="0">
              <value>
                <![CDATA["Successful user registration"]]>
              </value>
            </param>
            <param index="1">
              <value>
                <![CDATA["User Registration"]]>
              </value>
            </param>
          </params>
          <exception class="java.lang.NullPointerException">
            <message>
              <![CDATA[Cannot invoke "pageobjects.RegistrationPage.setFirstName(String)" because "this.registrationPage" is null]]>
            </message>
            <full-stacktrace>
              <![CDATA[java.lang.NullPointerException: Cannot invoke "pageobjects.RegistrationPage.setFirstName(String)" because "this.registrationPage" is null
at stepDefinitions.RegistrationSteps.fillInRegistrationDetails(RegistrationSteps.java:29)
at ✽.I fill in the registration details(file:///C:/Users/Sachin%20Zagade/Downloads/Opencart_V122_Cucumber-master/src/test/resources/features/Registration.feature:7)
]]>
            </full-stacktrace>
          </exception> <!-- java.lang.NullPointerException -->
          <reporter-output>
          </reporter-output>
        </test-method> <!-- runScenario -->
        <test-method signature="runScenario(io.cucumber.testng.PickleWrapper,io.cucumber.testng.FeatureWrapper)[pri:0, instance:testRunners.ParallelRunner@2b0f373b]" started-at="2025-02-15T14:08:08 IST" name="runScenario" description="Runs Cucumber Scenarios" data-provider="scenarios" finished-at="2025-02-15T14:08:41 IST" duration-ms="33320" status="FAIL">
          <params>
            <param index="0">
              <value>
                <![CDATA["Login with valid credentials"]]>
              </value>
            </param>
            <param index="1">
              <value>
                <![CDATA["Login"]]>
              </value>
            </param>
          </params>
          <exception class="java.lang.AssertionError">
            <message>
              <![CDATA[Login failed: My Account page not displayed]]>
            </message>
            <full-stacktrace>
              <![CDATA[java.lang.AssertionError: Login failed: My Account page not displayed
at org.junit.Assert.fail(Assert.java:89)
at org.junit.Assert.assertTrue(Assert.java:42)
at stepDefinitions.LoginSteps.verifyMyAccountPage(LoginSteps.java:44)
at ✽.I should be redirected to the My Account page(file:///C:/Users/Sachin%20Zagade/Downloads/Opencart_V122_Cucumber-master/src/test/resources/features/Login.feature:9)
]]>
            </full-stacktrace>
          </exception> <!-- java.lang.AssertionError -->
          <reporter-output>
          </reporter-output>
        </test-method> <!-- runScenario -->
        <test-method is-config="true" signature="tearDownClass()[pri:0, instance:testRunners.ParallelRunner@2b0f373b]" started-at="2025-02-15T14:08:41 IST" name="tearDownClass" finished-at="2025-02-15T14:08:44 IST" duration-ms="2463" status="PASS">
          <reporter-output>
          </reporter-output>
        </test-method> <!-- tearDownClass -->
      </class> <!-- testRunners.ParallelRunner -->
    </test> <!-- Default test -->
  </suite> <!-- Default suite -->
</testng-results>
